<?xml version="1.0" encoding="UTF-8"?>
<testsuite name="Regression"
           tests="3"
           failures="1"
           errors="0"
           skipped="2"
           time="0.000">
  <properties />
            <testcase name="setUp" time="0.000" classname="AmazonShopping">
                <failure type="java.lang.IllegalStateException"
                  message="The driver executable does not exist: C:\Users\u48678\Desktop\amazon\amazon\driver\chromedriver.exe"
              >
<![CDATA[java.lang.IllegalStateException: The driver executable does not exist: C:\Users\u48678\Desktop\amazon\amazon\driver\chromedriver.exe
  com.google.common.base.Preconditions.checkState(Preconditions.java:585)
  org.openqa.selenium.remote.service.DriverService.checkExecutable(DriverService.java:137)
  org.openqa.selenium.remote.service.DriverService.findExecutable(DriverService.java:132)
  org.openqa.selenium.chrome.ChromeDriverService.access$000(ChromeDriverService.java:33)
  org.openqa.selenium.chrome.ChromeDriverService$Builder.findDefaultExecutable(ChromeDriverService.java:139)
  org.openqa.selenium.remote.service.DriverService$Builder.build(DriverService.java:346)
  org.openqa.selenium.chrome.ChromeDriverService.createDefaultService(ChromeDriverService.java:89)
  org.openqa.selenium.chrome.ChromeDriver.<init>(ChromeDriver.java:123)
  AmazonShopping.setUp(AmazonShopping.java:26)
  sun.reflect.NativeMethodAccessorImpl.invoke0(Native Method)
  sun.reflect.NativeMethodAccessorImpl.invoke(NativeMethodAccessorImpl.java:62)
  sun.reflect.DelegatingMethodAccessorImpl.invoke(DelegatingMethodAccessorImpl.java:43)
  java.lang.reflect.Method.invoke(Method.java:498)
  org.testng.internal.MethodInvocationHelper.invokeMethod(MethodInvocationHelper.java:80)
  org.testng.internal.Invoker.invokeConfigurationMethod(Invoker.java:564)
  org.testng.internal.Invoker.invokeConfigurations(Invoker.java:213)
  org.testng.internal.Invoker.invokeConfigurations(Invoker.java:138)
  org.testng.internal.TestMethodWorker.invokeBeforeClassMethods(TestMethodWorker.java:175)
  org.testng.internal.TestMethodWorker.run(TestMethodWorker.java:107)
  org.testng.TestRunner.privateRun(TestRunner.java:767)
  org.testng.TestRunner.run(TestRunner.java:617)
  org.testng.SuiteRunner.runTest(SuiteRunner.java:334)
  org.testng.SuiteRunner.runSequentially(SuiteRunner.java:329)
  org.testng.SuiteRunner.privateRun(SuiteRunner.java:291)
  org.testng.SuiteRunner.run(SuiteRunner.java:240)
  org.testng.SuiteRunnerWorker.runSuite(SuiteRunnerWorker.java:52)
  org.testng.SuiteRunnerWorker.run(SuiteRunnerWorker.java:86)
  org.testng.TestNG.runSuitesSequentially(TestNG.java:1198)
  org.testng.TestNG.runSuitesLocally(TestNG.java:1123)
  org.testng.TestNG.run(TestNG.java:1031)
  org.testng.IDEARemoteTestNG.run(IDEARemoteTestNG.java:72)
  org.testng.RemoteTestNGStarter.main(RemoteTestNGStarter.java:123)
]]>
      </failure>

          </testcase>
  
            <testcase name="tearDown" time="0.0" classname="AmazonShopping">
          <skipped />
    </testcase>
            <testcase name="AmazonShoppingTest" time="0.0" classname="AmazonShopping">
          <skipped />
    </testcase>
  
  
</testsuite>
